<?xml version="1.0" encoding="UTF-8"?>
<!-- Generated by org.testng.reporters.JUnitReportReporter -->
<testsuite hostname="DESKTOP-DKNJ5B4" failures="0" tests="2" name="QAclickacademy2.SeleniumTest" time="0.004" errors="0" timestamp="2022-07-26T22:24:20 IST" skipped="0">
  <testcase classname="QAclickacademy2.SeleniumTest" name="testSelenium2" time="0.000"/>
  <system-out/>
  <testcase classname="QAclickacademy2.SeleniumTest" name="testSelenium1" time="0.004"/>
  <system-out/>
</testsuite> <!-- QAclickacademy2.SeleniumTest -->
