<?xml version="1.0" encoding="UTF-8"?>
<!-- Generated by org.testng.reporters.JUnitReportReporter -->
<testsuite hostname="DESKTOP-DKNJ5B4" failures="0" tests="2" name="QAclickacademy2.AppiumTest" time="0.013" errors="0" timestamp="2022-07-26T22:25:50 IST" skipped="0">
  <testcase classname="QAclickacademy2.AppiumTest" name="testapp2" time="0.003"/>
  <system-out/>
  <testcase classname="QAclickacademy2.AppiumTest" name="testapp1" time="0.010"/>
  <system-out/>
</testsuite> <!-- QAclickacademy2.AppiumTest -->
